[01:55:31.366] [Main Thread/INFO] [tML]: Save Are Located At: /home/codespace/.local/share/Terraria/tModLoader
[01:55:31.375] [Main Thread/INFO] [tML]: Starting tModLoader server 1.4.3.6+2022.09.47.48|stable|Stable|a1cded9691ab9e9c56eeaf0edaf7b343e7c9f486|5249878571137500131 built 05/09/2023 18:54
[01:55:31.376] [Main Thread/INFO] [tML]: Log date: 05/11/2023
[01:55:31.377] [Main Thread/INFO] [tML]: Running on Linux (v5.4.0.1106) X64 NetCore 6.0.0
[01:55:31.377] [Main Thread/INFO] [tML]: FrameworkDescription: .NET 6.0.0-rtm.21522.10
[01:55:31.377] [Main Thread/INFO] [tML]: Executable: /workspaces/JUASJUAS/tModLoader.dll
[01:55:31.377] [Main Thread/INFO] [tML]: Working Directory: /workspaces/JUASJUAS
[01:55:31.378] [Main Thread/INFO] [tML]: Launch Parameters:  -server -config serverconfig.txt
[01:55:31.380] [Main Thread/INFO] [tML]: Parsed Launch Parameters: -server -config serverconfig.txt
[01:55:32.033] [Main Thread/INFO] [tML]: Distribution Platform: Steam. Detection method: Terraria.exe or Terraria_1.4.4.9.exe not found nearby
[01:55:32.046] [Main Thread/DEBUG] [tML]: Hook IL.Ionic.Zip.ZipEntry::ValidateOutput(string, Stream, out string) modified by tModLoader
[01:55:32.198] [Main Thread/WARN] [tML]: Silently Caught Exception: 
System.ComponentModel.Win32Exception: Permission denied
   at System.Diagnostics.Process.set_PriorityClassCore(ProcessPriorityClass value)
   at System.Diagnostics.Process.set_PriorityClass(ProcessPriorityClass value)
   at Terraria.Initializers.LaunchInitializer.LoadServerParameters(Main game) in tModLoader\Terraria\Initializers\LaunchInitializer.cs:line 117
   at Terraria.Initializers.LaunchInitializer.LoadParameters(Main game) in tModLoader\Terraria\Initializers\LaunchInitializer.cs:line 18
   at Terraria.Program.LaunchGame_(Boolean isServer) in tModLoader\Terraria\Program.cs:line 228
   at Terraria.Program.LaunchGame(String[] args, Boolean monoArgs) in tModLoader\Terraria\Program.cs:line 192
   at MonoLaunch.<>c__DisplayClass1_0.<Main>b__0() in tModLoader\Terraria\MonoLaunch.cs:line 56
   at MonoLaunch.Main(String[] args) in tModLoader\Terraria\MonoLaunch.cs:line 64

[01:55:33.922] [Main Thread/DEBUG] [tML]: Network compatibility version is 2022.9.47
[01:55:36.397] [Main Thread/INFO] [tML]: Finding Mods...
[01:55:36.417] [Main Thread/INFO] [tML]: Sandboxing: AatroxMod (Aatrox Mod) v0.1.2.1
[01:55:36.500] [Main Thread/INFO] [tML]: Sandboxing: AmuletOfManyMinions (The Amulet Of Many Minions: Combat Pets!) v0.16.1
[01:55:36.649] [Main Thread/INFO] [tML]: Sandboxing: AnimeOverhaul (Anime Vanity & Pets) v3.0.1
[01:55:36.686] [Main Thread/INFO] [tML]: Sandboxing: BetterMultiplayer (Better Multiplayer) v1.6.2
[01:55:36.691] [Main Thread/INFO] [tML]: Sandboxing: BossChecklist (Boss Checklist) v1.4.0
[01:55:36.703] [Main Thread/INFO] [tML]: Sandboxing: CalamityMod (Calamity Mod) v2.0.2.3
[01:55:37.213] [Main Thread/INFO] [tML]: Sandboxing: CalamityModMusic (Calamity Mod Music) v2.0.2.2
[01:55:37.224] [Main Thread/INFO] [tML]: Sandboxing: CalamityModSpanish ([c/ff336d:Calamity Mod] - Traducción al Español) v1.0.7.10
[01:55:37.255] [Main Thread/INFO] [tML]: Sandboxing: CalValEX (Calamity's Vanities) v10.2
[01:55:37.369] [Main Thread/INFO] [tML]: Sandboxing: CollisionLib (Impact Library) v3.0
[01:55:37.374] [Main Thread/INFO] [tML]: Sandboxing: ImageChat (Send Images In-game) v1.2
[01:55:37.380] [Main Thread/INFO] [tML]: Sandboxing: JoJoStands (JoJoStands) v2.4
[01:55:37.440] [Main Thread/INFO] [tML]: Sandboxing: JoJoStandsSounds (JoJoStands: Sounds) v1.5
[01:55:37.446] [Main Thread/INFO] [tML]: Sandboxing: NoMoreTombs (No More Tombs) v1.5
[01:55:37.450] [Main Thread/INFO] [tML]: Sandboxing: ParticleLibrary ([c/9ebae2:Pa][c/dafaf4:rtic][c/9ebae2:le][c/e8a272:Li][c/fad3a0:bra][c/e8a272:ry]) v1.1.4.2
[01:55:37.459] [Main Thread/INFO] [tML]: Sandboxing: RecipeBrowser (Recipe Browser) v0.9.8
[01:55:37.472] [Main Thread/INFO] [tML]: Sandboxing: SubworldLibrary (Subworld Library) v2.1
[01:55:37.478] [Main Thread/INFO] [tML]: Sandboxing: StructureHelper (Structure Helper) v2.2.0
[01:55:37.485] [Main Thread/INFO] [tML]: Sandboxing: Redemption (Mod of Redemption [BETA]) v0.8.0.3992
[01:55:37.722] [Main Thread/INFO] [tML]: Sandboxing: SwordParry (Sword Parry/Reflect) v1.0.8
[01:55:37.730] [Main Thread/INFO] [tML]: Sandboxing: UnCalamityModMusic (Vanilla Calamity Mod Music) v1.0.9
[01:55:37.748] [Main Thread/INFO] [tML]: Sandboxing: WingSlotExtra (Wing Slot Extra) v1.3.4
[01:55:37.756] [Main Thread/INFO] [tML]: Constructing Mods...
[01:55:39.416] [Main Thread/INFO] [tML]: Adding Content: ModLoader (tModLoader) v2022.9.47.48
[01:55:39.559] [Main Thread/INFO] [tML]: Adding Content: AatroxMod (Aatrox Mod) v0.1.2.1
[01:55:39.675] [Main Thread/INFO] [tML]: Adding Content: AmuletOfManyMinions (The Amulet Of Many Minions: Combat Pets!) v0.16.1
[01:55:40.779] [Main Thread/DEBUG] [tML]: Hook On.Terraria.Player::FreeUpPetsAndMinions(Item) added by AmuletOfManyMinions
[01:55:40.796] [Main Thread/DEBUG] [tML]: Hook On.Terraria.Player::AddBuff(int, int, bool, bool) added by AmuletOfManyMinions
[01:55:40.816] [Main Thread/DEBUG] [tML]: Hook On.Terraria.Player::AddBuff(int, int, bool, bool) added by AmuletOfManyMinions
[01:55:40.882] [Main Thread/DEBUG] [tML]: Hook On.Terraria.Player::FreeUpPetsAndMinions(Item) added by AmuletOfManyMinions
[01:55:41.027] [Main Thread/INFO] [tML]: Adding Content: AnimeOverhaul (Anime Vanity & Pets) v3.0.1
[01:55:41.393] [Main Thread/INFO] [tML]: Adding Content: BetterMultiplayer (Better Multiplayer) v1.6.2
[01:55:41.462] [Main Thread/INFO] [tML]: Adding Content: BossChecklist (Boss Checklist) v1.4.0
[01:55:41.762] [Main Thread/DEBUG] [tML]: Hook On.Terraria.GameContent.Events.DD2Event::WinInvasionInternal() added by BossChecklist
[01:55:41.767] [Main Thread/INFO] [BossChecklist]: Progression values for vanilla entries have been last updated on BossChecklist v1.4.0
[01:55:41.767] [Main Thread/INFO] [BossChecklist]: Boss Log integration messages will not be logged.
[01:55:41.832] [Main Thread/INFO] [tML]: Adding Content: CalamityMod (Calamity Mod) v2.0.2.3
[01:55:55.638] [Main Thread/DEBUG] [tML]: Hook On.Terraria.Main::DrawInfernoRings() added by CalamityMod
[01:55:55.736] [Main Thread/DEBUG] [tML]: Hook On.Terraria.Player::KeyDoubleTap(int) added by CalamityMod
[01:55:55.743] [Main Thread/DEBUG] [tML]: Hook On.Terraria.Player::QuickMount() added by CalamityMod
[01:55:55.760] [Main Thread/DEBUG] [tML]: Hook On.Terraria.Player::dropItemCheck() added by CalamityMod
[01:55:55.770] [Main Thread/DEBUG] [tML]: Hook On.Terraria.UI.ItemSlot::LeftClick(Item[], int, int) added by CalamityMod
[01:55:55.787] [Main Thread/DEBUG] [tML]: Hook On.Terraria.UI.ItemSlot::Draw(SpriteBatch, Item[], int, int, Vector2, Color) added by CalamityMod
[01:55:55.825] [Main Thread/DEBUG] [tML]: Hook On.Terraria.Player::KeyDoubleTap(int) added by CalamityMod
[01:55:55.827] [Main Thread/DEBUG] [tML]: Hook On.Terraria.Main::DrawPendingMouseText() added by CalamityMod
[01:55:55.854] [Main Thread/DEBUG] [tML]: Hook On.Terraria.Item::CanFillEmptyAmmoSlot() added by CalamityMod
[01:55:56.094] [Main Thread/DEBUG] [tML]: Hook IL.Terraria.Main::DoDraw(GameTime) modified by CalamityMod
[01:55:56.262] [Main Thread/DEBUG] [tML]: Hook On.Terraria.Main::DrawGore() added by CalamityMod
[01:55:56.273] [Main Thread/DEBUG] [tML]: Hook On.Terraria.Main::DrawCursor(Vector2, bool) added by CalamityMod
[01:55:56.283] [Main Thread/DEBUG] [tML]: Hook On.Terraria.Main::SetDisplayMode(int, int, bool) added by CalamityMod
[01:55:56.291] [Main Thread/DEBUG] [tML]: Hook On.Terraria.Main::SortDrawCacheWorms() added by CalamityMod
[01:55:56.293] [Main Thread/DEBUG] [tML]: Hook On.Terraria.Main::DrawInfernoRings() added by CalamityMod
[01:55:56.295] [Main Thread/DEBUG] [tML]: Hook IL.Terraria.Main::DrawInterface_40_InteractItemIcon() modified by CalamityMod
[01:55:56.312] [Main Thread/DEBUG] [tML]: Hook On.Terraria.GameContent.Drawing.TileDrawing::DrawPartialLiquid(Tile, Vector2, Rectangle, int, Color) added by CalamityMod
[01:55:56.316] [Main Thread/DEBUG] [tML]: Hook IL.Terraria.WaterfallManager::DrawWaterfall(SpriteBatch, int, float) modified by CalamityMod
[01:55:56.417] [Main Thread/DEBUG] [tML]: Hook IL.Terraria.GameContent.Liquid.LiquidRenderer::InternalDraw(SpriteBatch, Vector2, int, float, bool) modified by CalamityMod
[01:55:56.427] [Main Thread/DEBUG] [tML]: Hook IL.Terraria.Main::oldDrawWater(bool, int, float) modified by CalamityMod
[01:55:56.474] [Main Thread/DEBUG] [tML]: Hook On.Terraria.Graphics.Light.TileLightScanner::GetTileLight(int, int, out Vector3) added by CalamityMod
[01:55:56.477] [Main Thread/DEBUG] [tML]: Hook On.Terraria.GameContent.Drawing.TileDrawing::PreDrawTiles(bool, bool, bool) added by CalamityMod
[01:55:56.479] [Main Thread/DEBUG] [tML]: Hook On.Terraria.GameContent.Drawing.TileDrawing::Draw(bool, bool, bool, int) added by CalamityMod
[01:55:56.497] [Main Thread/DEBUG] [tML]: Hook On.Terraria.GameContent.ItemDropRules.CommonCode::ModifyItemDropFromNPC(NPC, int) added by CalamityMod
[01:55:56.501] [Main Thread/DEBUG] [tML]: Hook IL.Terraria.Main::UpdateTime() modified by CalamityMod
[01:55:56.522] [Main Thread/DEBUG] [tML]: Hook On.Terraria.Main::UpdateTime_SpawnTownNPCs() added by CalamityMod
[01:55:56.547] [Main Thread/DEBUG] [tML]: Hook On.Terraria.NPC::ShouldEmpressBeEnraged() added by CalamityMod
[01:55:56.550] [Main Thread/DEBUG] [tML]: Hook IL.Terraria.Player::CollectTaxes() modified by CalamityMod
[01:55:56.555] [Main Thread/DEBUG] [tML]: Hook IL.Terraria.Projectile::Damage() modified by CalamityMod
[01:55:56.803] [Main Thread/DEBUG] [tML]: Hook On.Terraria.NPC::ApplyTileCollision(bool, Vector2, int, int) added by CalamityMod
[01:55:56.807] [Main Thread/DEBUG] [tML]: Hook IL.Terraria.Player::ApplyEquipFunctional(Item, bool) modified by CalamityMod
[01:55:56.871] [Main Thread/DEBUG] [tML]: Hook IL.Terraria.Player::Hurt(PlayerDeathReason, int, int, bool, bool, bool, int) modified by CalamityMod
[01:55:56.923] [Main Thread/DEBUG] [tML]: Hook IL.Terraria.Player::DashMovement() modified by CalamityMod
[01:55:56.966] [Main Thread/DEBUG] [tML]: Hook On.Terraria.Player::DoCommonDashHandle(out int, out bool, DashStartAction) added by CalamityMod
[01:55:56.971] [Main Thread/DEBUG] [tML]: Hook IL.Terraria.Player::GiveImmuneTimeForCollisionAttack(int) modified by CalamityMod
[01:55:56.974] [Main Thread/DEBUG] [tML]: Hook IL.Terraria.Player::Update_NPCCollision() modified by CalamityMod
[01:55:56.992] [Main Thread/DEBUG] [tML]: Hook On.Terraria.WorldGen::OpenDoor(int, int, int) added by CalamityMod
[01:55:57.018] [Main Thread/DEBUG] [tML]: Hook On.Terraria.WorldGen::CloseDoor(int, int, bool) added by CalamityMod
[01:55:57.025] [Main Thread/DEBUG] [tML]: Hook On.Terraria.Item::AffixName() added by CalamityMod
[01:55:57.030] [Main Thread/DEBUG] [tML]: Hook On.Terraria.Projectile::NewProjectile(IEntitySource, float, float, float, float, int, int, float, int, float, float) added by CalamityMod
[01:55:57.040] [Main Thread/DEBUG] [tML]: Hook On.Terraria.NPC::Collision_DecideFallThroughPlatforms() added by CalamityMod
[01:55:57.045] [Main Thread/DEBUG] [tML]: Hook IL.Terraria.Wiring::HitWireSingle(int, int) modified by CalamityMod
[01:55:57.163] [Main Thread/DEBUG] [tML]: Hook On.Terraria.Player::UpdateItemDye(bool, bool, Item, Item) added by CalamityMod
[01:55:57.176] [Main Thread/DEBUG] [tML]: Hook IL.Terraria.Player::QuickHeal() modified by CalamityMod
[01:55:57.183] [Main Thread/DEBUG] [tML]: Hook IL.Terraria.Player::QuickMana() modified by CalamityMod
[01:55:57.191] [Main Thread/DEBUG] [tML]: Hook IL.Terraria.Player::ItemCheck_Inner(int) modified by CalamityMod
[01:55:57.266] [Main Thread/DEBUG] [tML]: Hook On.Terraria.Player::GrappleMovement() added by CalamityMod
[01:55:57.277] [Main Thread/DEBUG] [tML]: Hook On.Terraria.Player::UpdatePettingAnimal() added by CalamityMod
[01:55:57.280] [Main Thread/DEBUG] [tML]: Hook On.Terraria.Player::PlayerFrame() added by CalamityMod
[01:55:57.331] [Main Thread/DEBUG] [tML]: Hook On.Terraria.Player::SlopeDownMovement() added by CalamityMod
[01:55:57.334] [Main Thread/DEBUG] [tML]: Hook IL.Terraria.Main::DamageVar(float, float) modified by CalamityMod
[01:55:57.336] [Main Thread/DEBUG] [tML]: Hook IL.Terraria.Projectile::Damage() modified by CalamityMod
[01:55:57.459] [Main Thread/DEBUG] [tML]: Hook IL.Terraria.NPC::ScaleStats_ApplyExpertTweaks() modified by CalamityMod
[01:55:57.462] [Main Thread/DEBUG] [tML]: Hook IL.Terraria.Projectile::AI_001() modified by CalamityMod
[01:55:57.829] [Main Thread/DEBUG] [tML]: Hook IL.Terraria.Player::UpdateBuffs(int) modified by CalamityMod
[01:55:58.023] [Main Thread/DEBUG] [tML]: Hook IL.Terraria.Player::UpdateJumpHeight() modified by CalamityMod
[01:55:58.027] [Main Thread/DEBUG] [tML]: Hook IL.Terraria.Player::Update(int) modified by CalamityMod
[01:55:58.368] [Main Thread/DEBUG] [tML]: Hook IL.Terraria.Player::Update(int) modified by CalamityMod
[01:55:58.589] [Main Thread/DEBUG] [tML]: Hook IL.Terraria.Initializers.WingStatsInitializer::Load() modified by CalamityMod
[01:55:58.595] [Main Thread/DEBUG] [tML]: Hook IL.Terraria.Player::Update(int) modified by CalamityMod
[01:55:58.821] [Main Thread/DEBUG] [tML]: Hook IL.Terraria.Player::Update(int) modified by CalamityMod
[01:55:59.032] [Main Thread/DEBUG] [tML]: Hook IL.Terraria.Player::WingMovement() modified by CalamityMod
[01:55:59.040] [Main Thread/DEBUG] [tML]: Hook IL.Terraria.Player::UpdateLifeRegen() modified by CalamityMod
[01:55:59.112] [Main Thread/DEBUG] [tML]: Hook IL.Terraria.Player::Update(int) modified by CalamityMod
[01:55:59.335] [Main Thread/DEBUG] [tML]: Hook IL.Terraria.Player::UpdateManaRegen() modified by CalamityMod
[01:55:59.341] [Main Thread/DEBUG] [tML]: Hook IL.Terraria.WorldGen::Pyramid(int, int) modified by CalamityMod
[01:55:59.363] [Main Thread/DEBUG] [tML]: Hook IL.Terraria.WorldGen::MakeDungeon(int, int) modified by CalamityMod
[01:55:59.475] [Main Thread/DEBUG] [tML]: Hook IL.Terraria.WorldGen::DungeonHalls(int, int, ushort, int, bool) modified by CalamityMod
[01:55:59.503] [Main Thread/DEBUG] [tML]: Hook IL.Terraria.WorldGen::GrowLivingTree(int, int, bool) modified by CalamityMod
[01:55:59.560] [Main Thread/DEBUG] [tML]: Hook On.Terraria.WorldGen::SmashAltar(int, int) added by CalamityMod
[01:55:59.571] [Main Thread/DEBUG] [tML]: Hook IL.Terraria.WorldGen::hardUpdateWorld(int, int) modified by CalamityMod
[01:55:59.625] [Main Thread/DEBUG] [tML]: Hook IL.Terraria.WorldGen::Chlorophyte(int, int) modified by CalamityMod
[01:55:59.631] [Main Thread/DEBUG] [tML]: Hook IL.Terraria.GameContent.UI.States.UIWorldCreation::SetDefaultOptions() modified by CalamityMod
[01:55:59.636] [Main Thread/DEBUG] [tML]: Hook IL.Terraria.GameContent.UI.States.UIWorldCreation::AddWorldSizeOptions(UIElement, float, MouseEvent, string, float) modified by CalamityMod
[01:55:59.647] [Main Thread/DEBUG] [tML]: Hook On.Terraria.IO.WorldFile::ClearTempTiles() added by CalamityMod
[01:55:59.650] [Main Thread/DEBUG] [tML]: Hook IL.Terraria.GameContent.Events.Sandstorm::HasSufficientWind() modified by CalamityMod
[01:55:59.651] [Main Thread/DEBUG] [tML]: Hook IL.Terraria.Item::Prefix(int) modified by CalamityMod
[01:55:59.696] [Main Thread/DEBUG] [tML]: Hook On.Terraria.NPC::SlimeRainSpawns(int) added by CalamityMod
[01:55:59.703] [Main Thread/DEBUG] [tML]: Hook IL.Terraria.NPC::SpawnNPC() modified by CalamityMod
[01:55:59.978] [Main Thread/DEBUG] [tML]: Hook IL.Terraria.Player::IsTileTypeInInteractionRange(int) modified by CalamityMod
[01:55:59.983] [Main Thread/DEBUG] [tML]: Hook IL.Terraria.Projectile::CanExplodeTile(int, int) modified by CalamityMod
[01:55:59.987] [Main Thread/DEBUG] [tML]: Hook IL.Terraria.Main::UpdateWindyDayState() modified by CalamityMod
[01:55:59.991] [Main Thread/DEBUG] [tML]: Hook IL.Terraria.Main::UpdateTime_StartNight(ref bool) modified by CalamityMod
[01:56:00.008] [Main Thread/DEBUG] [tML]: Hook IL.Terraria.WorldGen::AttemptFossilShattering(int, int, Tile, bool) modified by CalamityMod
[01:56:00.013] [Main Thread/DEBUG] [tML]: Hook On.Terraria.Player::GetPickaxeDamage(int, int, int, int, Tile) added by CalamityMod
[01:56:00.023] [Main Thread/DEBUG] [tML]: Hook On.Terraria.Player::GetAnglerReward(NPC) added by CalamityMod
[01:56:00.028] [Main Thread/DEBUG] [tML]: Hook IL.Terraria.NPC::NPCLoot() modified by CalamityMod
[01:56:00.034] [Main Thread/DEBUG] [tML]: Hook On.Terraria.Item::Prefix(int) added by CalamityMod
[01:56:00.584] [Main Thread/INFO] [tML]: Adding Content: CalamityModMusic (Calamity Mod Music) v2.0.2.2
[01:56:00.763] [Main Thread/INFO] [tML]: Adding Content: CalamityModSpanish ([c/ff336d:Calamity Mod] - Traducción al Español) v1.0.7.10
[01:56:00.784] [Main Thread/WARN] [tML]: Granted native detouring access to CalamityModSpanish
[01:56:00.964] [Main Thread/INFO] [tML]: Adding Content: CalValEX (Calamity's Vanities) v10.2
[01:56:03.213] [Main Thread/INFO] [tML]: Adding Content: CollisionLib (Impact Library) v3.0
[01:56:03.228] [Main Thread/DEBUG] [tML]: Hook IL.Terraria.Projectile::AI_007_GrapplingHooks() modified by CollisionLib
[01:56:03.268] [Main Thread/DEBUG] [tML]: Hook On.Terraria.Player::Update_NPCCollision() added by CollisionLib
[01:56:03.372] [Main Thread/INFO] [tML]: Adding Content: ImageChat (Send Images In-game) v1.2
[01:56:03.400] [Main Thread/DEBUG] [tML]: Hook On.Terraria.GameContent.UI.Chat.RemadeChatMonitor::DrawChat(bool) added by ImageChat
[01:56:03.408] [Main Thread/DEBUG] [tML]: Hook On.Terraria.UI.Chat.ChatMessageContainer::Refresh() added by ImageChat
[01:56:03.516] [Main Thread/INFO] [tML]: Adding Content: JoJoStands (JoJoStands) v2.4
[01:56:04.870] [Main Thread/INFO] [tML]: Adding Content: JoJoStandsSounds (JoJoStands: Sounds) v1.5
[01:56:04.984] [Main Thread/INFO] [tML]: Adding Content: NoMoreTombs (No More Tombs) v1.5
[01:56:04.994] [Main Thread/DEBUG] [tML]: Hook On.Terraria.Player::DropTombstone(int, NetworkText, int) added by NoMoreTombs
[01:56:04.999] [Main Thread/DEBUG] [tML]: Hook IL.Terraria.Player::KillMe(PlayerDeathReason, double, int, bool) modified by NoMoreTombs
[01:56:05.019] [Main Thread/DEBUG] [tML]: Hook IL.Terraria.NPC::checkDead() modified by NoMoreTombs
[01:56:05.195] [Main Thread/INFO] [tML]: Adding Content: ParticleLibrary ([c/9ebae2:Pa][c/dafaf4:rtic][c/9ebae2:le][c/e8a272:Li][c/fad3a0:bra][c/e8a272:ry]) v1.1.4.2
[01:56:05.287] [Main Thread/DEBUG] [tML]: Hook On.Terraria.Main::DrawDust() added by ParticleLibrary
[01:56:05.305] [Main Thread/DEBUG] [tML]: Hook On.Terraria.Dust::UpdateDust() added by ParticleLibrary
[01:56:05.375] [Main Thread/DEBUG] [tML]: Hook On.Terraria.Main::DoDraw_WallsAndBlacks() added by ParticleLibrary
[01:56:05.379] [Main Thread/DEBUG] [tML]: Hook On.Terraria.Main::DoDraw_Tiles_NonSolid() added by ParticleLibrary
[01:56:05.382] [Main Thread/DEBUG] [tML]: Hook On.Terraria.Main::DrawPlayers_BehindNPCs() added by ParticleLibrary
[01:56:05.385] [Main Thread/DEBUG] [tML]: Hook On.Terraria.Main::DrawNPCs(bool) added by ParticleLibrary
[01:56:05.403] [Main Thread/DEBUG] [tML]: Hook On.Terraria.Main::DoDraw_Tiles_Solid() added by ParticleLibrary
[01:56:05.407] [Main Thread/DEBUG] [tML]: Hook On.Terraria.Main::DrawProjectiles() added by ParticleLibrary
[01:56:05.412] [Main Thread/DEBUG] [tML]: Hook On.Terraria.Main::DrawPlayers_AfterProjectiles() added by ParticleLibrary
[01:56:05.415] [Main Thread/DEBUG] [tML]: Hook On.Terraria.Main::DrawItems() added by ParticleLibrary
[01:56:05.417] [Main Thread/DEBUG] [tML]: Hook On.Terraria.Main::DrawRain() added by ParticleLibrary
[01:56:05.422] [Main Thread/DEBUG] [tML]: Hook On.Terraria.Main::DrawGore() added by ParticleLibrary
[01:56:05.424] [Main Thread/DEBUG] [tML]: Hook On.Terraria.Main::DrawDust() added by ParticleLibrary
[01:56:05.425] [Main Thread/DEBUG] [tML]: Hook On.Terraria.Main::DrawWater(bool, int, float) added by ParticleLibrary
[01:56:05.428] [Main Thread/DEBUG] [tML]: Hook On.Terraria.Main::DrawInterface(GameTime) added by ParticleLibrary
[01:56:05.431] [Main Thread/DEBUG] [tML]: Hook On.Terraria.Main::DrawMenu(GameTime) added by ParticleLibrary
[01:56:05.774] [Main Thread/INFO] [tML]: Adding Content: RecipeBrowser (Recipe Browser) v0.9.8
[01:56:05.988] [Main Thread/DEBUG] [tML]: Hook On.Terraria.Player::AdjTiles() added by RecipeBrowser
[01:56:06.090] [Main Thread/INFO] [tML]: Adding Content: SubworldLibrary (Subworld Library) v2.1
[01:56:06.110] [Main Thread/DEBUG] [tML]: Hook IL.Terraria.Main::DedServ_PostModLoad(out bool) modified by SubworldLibrary
[01:56:06.179] [Main Thread/DEBUG] [tML]: Hook IL.Terraria.NetMessage::CheckBytes(int) modified by SubworldLibrary
[01:56:06.192] [Main Thread/DEBUG] [tML]: Hook IL.Terraria.Net.Sockets.SocialSocket::Terraria.Net.Sockets.ISocket.AsyncSend(Byte[], int, int, SocketSendCallback, object) modified by SubworldLibrary
[01:56:06.196] [Main Thread/DEBUG] [tML]: Hook IL.Terraria.Net.Sockets.TcpSocket::Terraria.Net.Sockets.ISocket.AsyncSend(Byte[], int, int, SocketSendCallback, object) modified by SubworldLibrary
[01:56:06.201] [Main Thread/DEBUG] [tML]: Hook IL.Terraria.WorldGen::do_worldGenCallBack(object) modified by SubworldLibrary
[01:56:06.203] [Main Thread/DEBUG] [tML]: Hook IL.Terraria.Main::EraseWorld(int) modified by SubworldLibrary
[01:56:06.208] [Main Thread/DEBUG] [tML]: Hook IL.Terraria.Main::DoUpdateInWorld(Stopwatch) modified by SubworldLibrary
[01:56:06.226] [Main Thread/DEBUG] [tML]: Hook IL.Terraria.WorldGen::UpdateWorld() modified by SubworldLibrary
[01:56:06.228] [Main Thread/DEBUG] [tML]: Hook IL.Terraria.Player::Update(int) modified by SubworldLibrary
[01:56:06.495] [Main Thread/DEBUG] [tML]: Hook IL.Terraria.NPC::UpdateNPC_UpdateGravity(out float) modified by SubworldLibrary
[01:56:06.499] [Main Thread/DEBUG] [tML]: Hook IL.Terraria.Liquid::Update() modified by SubworldLibrary
[01:56:06.544] [Main Thread/DEBUG] [tML]: Hook IL.Terraria.Player::SavePlayer(PlayerFileData, bool) modified by SubworldLibrary
[01:56:06.548] [Main Thread/DEBUG] [tML]: Hook IL.Terraria.IO.WorldFile::SaveWorld(bool, bool) modified by SubworldLibrary
[01:56:06.653] [Main Thread/INFO] [tML]: Adding Content: StructureHelper (Structure Helper) v2.2.0
[01:56:06.711] [Main Thread/DEBUG] [tML]: Hook On.Terraria.Main::DrawPlayers_AfterProjectiles() added by StructureHelper
[01:56:06.817] [Main Thread/INFO] [tML]: Adding Content: Redemption (Mod of Redemption [BETA]) v0.8.0.3992
[01:56:13.114] [Main Thread/WARN] [tML]: Redemption.Globals.ElementalItem has reference fields (OverrideElement, ItemShootExtra) that may not be safe to share between clones.
For deep-cloning, add a custom Clone override and make proper copies of these fields. If shallow (memberwise) cloning is acceptable, mark the fields with [CloneByReference] or properties with [field: CloneByReference]
[01:56:13.126] [Main Thread/WARN] [tML]: Redemption.Items.Accessories.PreHM.NecklaceOfPerception has reference fields (target) that may not be safe to share between clones.
For deep-cloning, add a custom Clone override and make proper copies of these fields. If shallow (memberwise) cloning is acceptable, mark the fields with [CloneByReference] or properties with [field: CloneByReference]
[01:56:13.126] [Main Thread/WARN] [tML]: Redemption.Items.Accessories.PreHM.NecklaceOfSight has reference fields (target) that may not be safe to share between clones.
For deep-cloning, add a custom Clone override and make proper copies of these fields. If shallow (memberwise) cloning is acceptable, mark the fields with [CloneByReference] or properties with [field: CloneByReference]
[01:56:13.267] [Main Thread/DEBUG] [tML]: Hook On.Terraria.Main::DrawProjectiles() added by Redemption
[01:56:13.269] [Main Thread/DEBUG] [tML]: Hook On.Terraria.Main::DrawCachedProjs(List`1, bool) added by Redemption
[01:56:13.273] [Main Thread/DEBUG] [tML]: Hook On.Terraria.Projectile::NewProjectile(IEntitySource, float, float, float, float, int, int, float, int, float, float) added by Redemption
[01:56:13.277] [Main Thread/DEBUG] [tML]: Hook IL.Terraria.Player::Hurt(PlayerDeathReason, int, int, bool, bool, bool, int) modified by Redemption
[01:56:13.330] [Main Thread/DEBUG] [tML]: Hook On.Terraria.Main::DrawNPCs(bool) added by Redemption
[01:56:13.678] [Main Thread/INFO] [tML]: Adding Content: SwordParry (Sword Parry/Reflect) v1.0.8
[01:56:13.715] [Main Thread/WARN] [tML]: SwordParry.Charging.ItemCharging has reference fields (updateAction, endAction) that may not be safe to share between clones.
For deep-cloning, add a custom Clone override and make proper copies of these fields. If shallow (memberwise) cloning is acceptable, mark the fields with [CloneByReference] or properties with [field: CloneByReference]
[01:56:13.716] [Main Thread/WARN] [tML]: SwordParry.Charging.ItemPowerAttacks has reference fields (OnStart, OnChargeStart, OnChargeUpdate, OnChargeEnd, CanStartPowerAttack) that may not be safe to share between clones.
For deep-cloning, add a custom Clone override and make proper copies of these fields. If shallow (memberwise) cloning is acceptable, mark the fields with [CloneByReference] or properties with [field: CloneByReference]
[01:56:13.717] [Main Thread/DEBUG] [tML]: Hook IL.Terraria.Player::ItemCheck_ManageRightClickFeatures() modified by SwordParry
[01:56:13.728] [Main Thread/DEBUG] [tML]: Hook On.Terraria.Player::ItemCheck_MeleeHitNPCs(Item, Rectangle, int, float) added by SwordParry
[01:56:13.748] [Main Thread/DEBUG] [tML]: Hook IL.Terraria.Player::ItemCheck_MeleeHitNPCs(Item, Rectangle, int, float) modified by SwordParry
[01:56:13.880] [Main Thread/INFO] [tML]: Adding Content: UnCalamityModMusic (Vanilla Calamity Mod Music) v1.0.9
[01:56:14.303] [Main Thread/INFO] [tML]: Adding Content: WingSlotExtra (Wing Slot Extra) v1.3.4
[01:56:14.436] [Main Thread/INFO] [tML]: Resizing...
[01:56:15.385] [Main Thread/INFO] [tML]: Configuring Content: ModLoader (tModLoader) v2022.9.47.48
[01:56:15.509] [Main Thread/INFO] [tML]: Configuring Content: AatroxMod (Aatrox Mod) v0.1.2.1
[01:56:15.619] [Main Thread/INFO] [tML]: Configuring Content: AmuletOfManyMinions (The Amulet Of Many Minions: Combat Pets!) v0.16.1
[01:56:15.817] [Main Thread/INFO] [tML]: Configuring Content: AnimeOverhaul (Anime Vanity & Pets) v3.0.1
[01:56:15.943] [Main Thread/INFO] [tML]: Configuring Content: BetterMultiplayer (Better Multiplayer) v1.6.2
[01:56:16.053] [Main Thread/INFO] [tML]: Configuring Content: BossChecklist (Boss Checklist) v1.4.0
[01:56:16.166] [Main Thread/INFO] [tML]: Configuring Content: CalamityMod (Calamity Mod) v2.0.2.3
[01:56:16.525] [Main Thread/INFO] [tML]: Configuring Content: CalamityModMusic (Calamity Mod Music) v2.0.2.2
[01:56:16.660] [Main Thread/INFO] [tML]: Configuring Content: CalamityModSpanish ([c/ff336d:Calamity Mod] - Traducción al Español) v1.0.7.10
[01:56:16.797] [Main Thread/INFO] [tML]: Configuring Content: CalValEX (Calamity's Vanities) v10.2
[01:56:16.979] [Main Thread/INFO] [tML]: Configuring Content: CollisionLib (Impact Library) v3.0
[01:56:17.116] [Main Thread/INFO] [tML]: Configuring Content: ImageChat (Send Images In-game) v1.2
[01:56:17.249] [Main Thread/INFO] [tML]: Configuring Content: JoJoStands (JoJoStands) v2.4
[01:56:17.405] [Main Thread/INFO] [tML]: Configuring Content: JoJoStandsSounds (JoJoStands: Sounds) v1.5
[01:56:17.544] [Main Thread/INFO] [tML]: Configuring Content: NoMoreTombs (No More Tombs) v1.5
[01:56:17.680] [Main Thread/INFO] [tML]: Configuring Content: ParticleLibrary ([c/9ebae2:Pa][c/dafaf4:rtic][c/9ebae2:le][c/e8a272:Li][c/fad3a0:bra][c/e8a272:ry]) v1.1.4.2
[01:56:17.836] [Main Thread/INFO] [tML]: Configuring Content: RecipeBrowser (Recipe Browser) v0.9.8
[01:56:17.994] [Main Thread/INFO] [tML]: Configuring Content: SubworldLibrary (Subworld Library) v2.1
[01:56:18.130] [Main Thread/INFO] [tML]: Configuring Content: StructureHelper (Structure Helper) v2.2.0
[01:56:18.264] [Main Thread/INFO] [tML]: Configuring Content: Redemption (Mod of Redemption [BETA]) v0.8.0.3992
[01:56:18.465] [Main Thread/INFO] [tML]: Configuring Content: SwordParry (Sword Parry/Reflect) v1.0.8
[01:56:18.603] [Main Thread/INFO] [tML]: Configuring Content: UnCalamityModMusic (Vanilla Calamity Mod Music) v1.0.9
[01:56:18.745] [Main Thread/INFO] [tML]: Configuring Content: WingSlotExtra (Wing Slot Extra) v1.3.4
[01:56:19.431] [Main Thread/INFO] [tML]: Finalizing Content: ModLoader (tModLoader) v2022.9.47.48
[01:56:19.608] [Main Thread/INFO] [tML]: Finalizing Content: AatroxMod (Aatrox Mod) v0.1.2.1
[01:56:19.781] [Main Thread/INFO] [tML]: Finalizing Content: AmuletOfManyMinions (The Amulet Of Many Minions: Combat Pets!) v0.16.1
[01:56:19.972] [Main Thread/INFO] [tML]: Finalizing Content: AnimeOverhaul (Anime Vanity & Pets) v3.0.1
[01:56:20.151] [Main Thread/INFO] [tML]: Finalizing Content: BetterMultiplayer (Better Multiplayer) v1.6.2
[01:56:20.323] [Main Thread/INFO] [tML]: Finalizing Content: BossChecklist (Boss Checklist) v1.4.0
[01:56:20.499] [Main Thread/INFO] [tML]: Finalizing Content: CalamityMod (Calamity Mod) v2.0.2.3
[01:56:20.704] [Main Thread/INFO] [tML]: Finalizing Content: CalamityModMusic (Calamity Mod Music) v2.0.2.2
[01:56:20.883] [Main Thread/INFO] [tML]: Finalizing Content: CalamityModSpanish ([c/ff336d:Calamity Mod] - Traducción al Español) v1.0.7.10
[01:56:21.061] [Main Thread/INFO] [tML]: Finalizing Content: CalValEX (Calamity's Vanities) v10.2
[01:56:21.240] [Main Thread/INFO] [tML]: Finalizing Content: CollisionLib (Impact Library) v3.0
[01:56:21.411] [Main Thread/INFO] [tML]: Finalizing Content: ImageChat (Send Images In-game) v1.2
[01:56:21.578] [Main Thread/INFO] [tML]: Finalizing Content: JoJoStands (JoJoStands) v2.4
[01:56:21.762] [Main Thread/INFO] [tML]: Finalizing Content: JoJoStandsSounds (JoJoStands: Sounds) v1.5
[01:56:21.946] [Main Thread/INFO] [tML]: Finalizing Content: NoMoreTombs (No More Tombs) v1.5
[01:56:22.127] [Main Thread/INFO] [tML]: Finalizing Content: ParticleLibrary ([c/9ebae2:Pa][c/dafaf4:rtic][c/9ebae2:le][c/e8a272:Li][c/fad3a0:bra][c/e8a272:ry]) v1.1.4.2
[01:56:22.306] [Main Thread/INFO] [tML]: Finalizing Content: RecipeBrowser (Recipe Browser) v0.9.8
[01:56:22.477] [Main Thread/INFO] [tML]: Finalizing Content: SubworldLibrary (Subworld Library) v2.1
[01:56:22.657] [Main Thread/INFO] [tML]: Finalizing Content: StructureHelper (Structure Helper) v2.2.0
[01:56:22.827] [Main Thread/INFO] [tML]: Finalizing Content: Redemption (Mod of Redemption [BETA]) v0.8.0.3992
[01:56:23.011] [Main Thread/INFO] [tML]: Finalizing Content: SwordParry (Sword Parry/Reflect) v1.0.8
[01:56:23.184] [Main Thread/INFO] [tML]: Finalizing Content: UnCalamityModMusic (Vanilla Calamity Mod Music) v1.0.9
[01:56:23.353] [Main Thread/INFO] [tML]: Finalizing Content: WingSlotExtra (Wing Slot Extra) v1.3.4
[01:56:23.530] [Main Thread/INFO] [tML]: RAM usage: 630.3 MB
[01:56:24.007] [Main Thread/INFO] [tML]: Adding Recipes...
[01:56:24.222] [Main Thread/INFO] [BossChecklist]: Progression Mode is DISABLED
[01:56:24.880] [.NET ThreadPool Worker/INFO] [Terraria]: Loading World: ohaio island, IsCloud=False, Size=8400x2400
[01:56:24.906] [.NET ThreadPool Worker/INFO] [StatusText]: Loading world data
[01:56:27.552] [.NET ThreadPool Worker/INFO] [StatusText]: Settling liquids
[01:56:28.891] [Main Thread/INFO] [Terraria]: Running one update...
[01:56:28.891] [Main Thread/INFO] [tML]: Server starting with AllowVanillaClients set to False
[01:56:31.872] [Main Thread/INFO] [Terraria]: Listening on port 7777
[01:56:32.176] [.NET ThreadPool Worker/DEBUG] [tML]: SSDP search line seperator: CRLF
[01:56:41.826] [.NET ThreadPool Worker/DEBUG] [tML]: Web Request: https://raw.githubusercontent.com/Dummiez/tModLoader-WingSlotExtra/main/build.txt
[01:56:41.838] [.NET ThreadPool Worker/WARN] [tML]: Silently Caught Exception: 
System.NullReferenceException: Object reference not set to an instance of an object.
   at DMD<System.Net.Http.HttpConnectionPoolManager::SendAsyncCore>(HttpConnectionPoolManager this, HttpRequestMessage request, Uri proxyUri, Boolean async, Boolean doRequestAuth, Boolean isProxyConnect, CancellationToken cancellationToken)
   at Trampoline<System.Net.Http.HttpConnectionPoolManager::SendAsyncCore>?29441404(Object , HttpRequestMessage , Uri , Boolean , Boolean , Boolean , CancellationToken )
   at Terraria.ModLoader.Engine.LoggingHooks.<>c.<HookWebRequests>b__12_0(orig_SendAsyncCore orig, Object self, HttpRequestMessage request, Uri proxyUri, Boolean async, Boolean doRequestAuth, Boolean isProxyConnect, CancellationToken cancellationToken) in tModLoader\Terraria\ModLoader\Engine\LoggingHooks.cs:line 84
   at Hook<System.Net.Http.HttpConnectionPoolManager::SendAsyncCore>?58204539(HttpConnectionPoolManager , HttpRequestMessage , Uri , Boolean , Boolean , Boolean , CancellationToken )
   at System.Net.Http.HttpConnectionPoolManager.SendAsync(HttpRequestMessage request, Boolean async, Boolean doRequestAuth, CancellationToken cancellationToken)
   at System.Net.Http.HttpMessageHandlerStage.SendAsync(HttpRequestMessage request, CancellationToken cancellationToken)
   at System.Net.Http.DiagnosticsHandler.SendAsync(HttpRequestMessage request, Boolean async, CancellationToken cancellationToken)
   at System.Net.Http.RedirectHandler.SendAsync(HttpRequestMessage request, Boolean async, CancellationToken cancellationToken)
   at System.Runtime.CompilerServices.AsyncMethodBuilderCore.Start[TStateMachine](TStateMachine& stateMachine)
   at System.Net.Http.RedirectHandler.SendAsync(HttpRequestMessage request, Boolean async, CancellationToken cancellationToken)
   at System.Net.Http.HttpMessageHandlerStage.SendAsync(HttpRequestMessage request, CancellationToken cancellationToken)
   at System.Net.Http.SocketsHttpHandler.SendAsync(HttpRequestMessage request, CancellationToken cancellationToken)
   at System.Net.Http.HttpClientHandler.SendAsync(HttpRequestMessage request, CancellationToken cancellationToken)
   at System.Net.Http.HttpMessageInvoker.SendAsync(HttpRequestMessage request, CancellationToken cancellationToken)
   at System.Net.Http.HttpClient.<SendAsync>g__Core|83_0(HttpRequestMessage request, HttpCompletionOption completionOption, CancellationTokenSource cts, Boolean disposeCts, CancellationTokenSource pendingRequestsCts, CancellationToken originalCancellationToken)
   at System.Runtime.CompilerServices.AsyncMethodBuilderCore.Start[TStateMachine](TStateMachine& stateMachine)
   at WingSlotExtra.WingSlotExtraVersion.<>c__DisplayClass3_0.<<CheckLatestVersion>b__0>d.MoveNext() in WingSlotExtra\WingSlotVersion.cs:line 29
   at System.Runtime.CompilerServices.AsyncMethodBuilderCore.Start[TStateMachine](TStateMachine& stateMachine)
   at WingSlotExtra.WingSlotExtraVersion.<>c__DisplayClass3_0.<CheckLatestVersion>b__0()
   at System.Threading.Tasks.Task`1.InnerInvoke()
   at System.Threading.ExecutionContext.RunFromThreadPoolDispatchLoop(Thread threadPoolThread, ExecutionContext executionContext, ContextCallback callback, Object state)
   at System.Threading.Tasks.Task.ExecuteWithThreadLocal(Task& currentTaskSlot, Thread threadPoolThread)
   at System.Threading.Tasks.Task.ExecuteFromThreadPool(Thread threadPoolThread)
   at System.Threading.ThreadPoolWorkQueue.Dispatch()
   at System.Threading.PortableThreadPool.WorkerThread.WorkerThreadStart()
   at System.Threading.Thread.StartCallback()

